This file contains any messages produced by compilers while
running configure, to aid debugging if configure makes a mistake.

It was created by ast configure 9.2.12, which was
generated by GNU Autoconf 2.72.  Invocation command line was

  $ ./configure --without-pthreads --enable-shared=no star_cv_cnf_trail_type=long star_cv_cnf_f2c_compatible=no --prefix /Users/joye/SAOImageDS9 --exec-prefix /Users/joye/SAOImageDS9 --libdir /Users/joye/SAOImageDS9/lib

## --------- ##
## Platform. ##
## --------- ##

hostname = macbookpro.lan
uname -m = arm64
uname -r = 24.0.0
uname -s = Darwin
uname -v = Darwin Kernel Version 24.0.0: Mon Aug 12 20:49:48 PDT 2024; root:xnu-11215.1.10~2/RELEASE_ARM64_T8103

/usr/bin/uname -p = arm
/bin/uname -X     = unknown

/bin/arch              = unknown
/usr/bin/arch -k       = unknown
/usr/convex/getsysinfo = unknown
/usr/bin/hostinfo      = Mach kernel version:
	 Darwin Kernel Version 24.0.0: Mon Aug 12 20:49:48 PDT 2024; root:xnu-11215.1.10~2/RELEASE_ARM64_T8103
Kernel configured for up to 8 processors.
8 processors are physically available.
8 processors are logically available.
Processor type: arm64e (ARM64E)
Processors active: 0 1 2 3 4 5 6 7
Primary memory available: 16.00 gigabytes
Default processor set: 644 tasks, 2480 threads, 8 processors
Load average: 1.33, Mach factor: 6.66
/bin/machine           = unknown
/usr/bin/oslevel       = unknown
/bin/universe          = unknown

PATH: /opt/local/bin/
PATH: /opt/local/sbin/
PATH: /opt/local/bin/
PATH: /opt/local/sbin/
PATH: /opt/miniconda3/condabin/
PATH: ./
PATH: /Users/joye/bin/
PATH: /Users/joye/SAOImageDS9/bin/
PATH: /usr/local/bin/
PATH: /System/Cryptexes/App/usr/bin/
PATH: /usr/bin/
PATH: /bin/
PATH: /usr/sbin/
PATH: /sbin/
PATH: /var/run/com.apple.security.cryptexd/codex.system/bootstrap/usr/local/bin/
PATH: /var/run/com.apple.security.cryptexd/codex.system/bootstrap/usr/bin/
PATH: /var/run/com.apple.security.cryptexd/codex.system/bootstrap/usr/appleinternal/bin/
PATH: /opt/X11/bin/
PATH: /Library/Apple/usr/bin/
PATH: /Applications/VMware Fusion Tech Preview.app/Contents/Public/
PATH: /opt/local/bin/
PATH: /opt/local/sbin/


## ----------- ##
## Core tests. ##
## ----------- ##

configure:2800: looking for aux files: config.guess config.sub compile missing install-sh
configure:2813:  trying ./build-aux/
configure:2842:   ./build-aux/config.guess found
configure:2842:   ./build-aux/config.sub found
configure:2842:   ./build-aux/compile found
configure:2842:   ./build-aux/missing found
configure:2824:   ./build-aux/install-sh found
configure:2981: checking for a BSD-compatible install
configure:3055: result: /usr/bin/install -c
configure:3066: checking whether sleep supports fractional seconds
configure:3082: result: yes
configure:3085: checking filesystem timestamp resolution
configure:3220: result: 2
configure:3225: checking whether build environment is sane
configure:3266: result: yes
configure:3437: checking for a race-free mkdir -p
configure:3480: result: mkdir -p
configure:3487: checking for gawk
configure:3523: result: no
configure:3487: checking for mawk
configure:3523: result: no
configure:3487: checking for nawk
configure:3523: result: no
configure:3487: checking for awk
configure:3508: found /usr/bin/awk
configure:3520: result: awk
configure:3531: checking whether make sets $(MAKE)
configure:3555: result: yes
configure:3581: checking whether make supports nested variables
configure:3600: result: yes
configure:3614: checking xargs -n works
configure:3630: result: yes
configure:3795: checking for gcc
configure:3816: found /usr/bin/gcc
configure:3828: result: gcc
configure:4187: checking for C compiler version
configure:4196: gcc --version >&5
Apple clang version 16.0.0 (clang-1600.0.26.3)
Target: arm64-apple-darwin24.0.0
Thread model: posix
InstalledDir: /Applications/Xcode.app/Contents/Developer/Toolchains/XcodeDefault.xctoolchain/usr/bin
configure:4207: $? = 0
configure:4196: gcc -v >&5
Apple clang version 16.0.0 (clang-1600.0.26.3)
Target: arm64-apple-darwin24.0.0
Thread model: posix
InstalledDir: /Applications/Xcode.app/Contents/Developer/Toolchains/XcodeDefault.xctoolchain/usr/bin
configure:4207: $? = 0
configure:4196: gcc -V >&5
clang: error: argument to '-V' is missing (expected 1 value)
clang: error: no input files
configure:4207: $? = 1
configure:4196: gcc -qversion >&5
clang: error: unknown argument '-qversion'; did you mean '--version'?
clang: error: no input files
configure:4207: $? = 1
configure:4196: gcc -version >&5
clang: error: unknown argument '-version'; did you mean '--version'?
clang: error: no input files
configure:4207: $? = 1
configure:4227: checking whether the C compiler works
configure:4249: gcc    conftest.c  >&5
configure:4253: $? = 0
configure:4304: result: yes
configure:4308: checking for C compiler default output file name
configure:4310: result: a.out
configure:4316: checking for suffix of executables
configure:4323: gcc -o conftest    conftest.c  >&5
configure:4327: $? = 0
configure:4351: result: 
configure:4375: checking whether we are cross compiling
configure:4383: gcc -o conftest    conftest.c  >&5
configure:4387: $? = 0
configure:4394: ./conftest
configure:4398: $? = 0
configure:4413: result: no
configure:4419: checking for suffix of object files
configure:4442: gcc -c   conftest.c >&5
configure:4446: $? = 0
configure:4470: result: o
configure:4474: checking whether the compiler supports GNU C
configure:4494: gcc -c   conftest.c >&5
configure:4494: $? = 0
configure:4506: result: yes
configure:4517: checking whether gcc accepts -g
configure:4538: gcc -c -g  conftest.c >&5
configure:4538: $? = 0
configure:4585: result: yes
configure:4605: checking for gcc option to enable C11 features
configure:4620: gcc  -c -g -O2  conftest.c >&5
configure:4620: $? = 0
configure:4639: result: none needed
configure:4763: checking whether gcc understands -c and -o together
configure:4786: gcc -c conftest.c -o conftest2.o
configure:4789: $? = 0
configure:4786: gcc -c conftest.c -o conftest2.o
configure:4789: $? = 0
configure:4802: result: yes
configure:4822: checking whether make supports the include directive
configure:4837: make -f confmf.GNU && cat confinc.out
this is the am__doit target
configure:4840: $? = 0
configure:4859: result: yes (GNU style)
configure:4885: checking dependency style of gcc
configure:4998: result: gcc3
configure:5018: checking how to run the C preprocessor
configure:5044: gcc -E  conftest.c
configure:5044: $? = 0
configure:5060: gcc -E  conftest.c
conftest.c:11:10: fatal error: 'ac_nonexistent.h' file not found
   11 | #include <ac_nonexistent.h>
      |          ^~~~~~~~~~~~~~~~~~
1 error generated.
configure:5060: $? = 1
configure: failed program was:
| /* confdefs.h */
| #define PACKAGE_NAME "ast"
| #define PACKAGE_TARNAME "ast"
| #define PACKAGE_VERSION "9.2.12"
| #define PACKAGE_STRING "ast 9.2.12"
| #define PACKAGE_BUGREPORT "starlink@jiscmail.ac.uk"
| #define PACKAGE_URL ""
| #define PACKAGE "ast"
| #define VERSION "9.2.12"
| /* end confdefs.h.  */
| #include <ac_nonexistent.h>
configure:5089: result: gcc -E
configure:5103: gcc -E  conftest.c
configure:5103: $? = 0
configure:5119: gcc -E  conftest.c
conftest.c:11:10: fatal error: 'ac_nonexistent.h' file not found
   11 | #include <ac_nonexistent.h>
      |          ^~~~~~~~~~~~~~~~~~
1 error generated.
configure:5119: $? = 1
configure: failed program was:
| /* confdefs.h */
| #define PACKAGE_NAME "ast"
| #define PACKAGE_TARNAME "ast"
| #define PACKAGE_VERSION "9.2.12"
| #define PACKAGE_STRING "ast 9.2.12"
| #define PACKAGE_BUGREPORT "starlink@jiscmail.ac.uk"
| #define PACKAGE_URL ""
| #define PACKAGE "ast"
| #define VERSION "9.2.12"
| /* end confdefs.h.  */
| #include <ac_nonexistent.h>
configure:5152: checking whether ln -s works
configure:5156: result: yes
configure:5390: checking for gfortran
configure:5426: result: no
configure:5390: checking for g95
configure:5426: result: no
configure:5390: checking for xlf95
configure:5426: result: no
configure:5390: checking for f95
configure:5426: result: no
configure:5390: checking for fort
configure:5426: result: no
configure:5390: checking for ifort
configure:5426: result: no
configure:5390: checking for ifc
configure:5426: result: no
configure:5390: checking for efc
configure:5426: result: no
configure:5390: checking for pgfortran
configure:5426: result: no
configure:5390: checking for pgf95
configure:5426: result: no
configure:5390: checking for lf95
configure:5426: result: no
configure:5390: checking for ftn
configure:5426: result: no
configure:5390: checking for nagfor
configure:5426: result: no
configure:5390: checking for xlf90
configure:5426: result: no
configure:5390: checking for f90
configure:5426: result: no
configure:5390: checking for pgf90
configure:5426: result: no
configure:5390: checking for pghpf
configure:5426: result: no
configure:5390: checking for epcf90
configure:5426: result: no
configure:5390: checking for g77
configure:5426: result: no
configure:5390: checking for xlf
configure:5426: result: no
configure:5390: checking for f77
configure:5426: result: no
configure:5390: checking for frt
configure:5426: result: no
configure:5390: checking for pgf77
configure:5426: result: no
configure:5390: checking for cf77
configure:5426: result: no
configure:5390: checking for fort77
configure:5426: result: no
configure:5390: checking for fl32
configure:5426: result: no
configure:5390: checking for af77
configure:5426: result: no
configure:5449: checking for Fortran compiler version
configure:5458:  --version >&5
./configure: line 5460: --version: command not found
configure:5469: $? = 127
configure:5458:  -v >&5
./configure: line 5460: -v: command not found
configure:5469: $? = 127
configure:5458:  -V >&5
./configure: line 5460: -V: command not found
configure:5469: $? = 127
configure:5458:  -qversion >&5
./configure: line 5460: -qversion: command not found
configure:5469: $? = 127
configure:5478: checking whether the compiler supports GNU Fortran
configure:5492:  -c   conftest.F >&5
./configure: line 1633: -c: command not found
configure:5492: $? = 127
configure: failed program was:
|       program main
| #ifndef __GNUC__
|        choke me
| #endif
| 
|       end
configure:5504: result: no
configure:5512: checking whether  accepts -g
configure:5524:  -c -g  conftest.f >&5
./configure: line 1633: -c: command not found
configure:5524: $? = 127
configure: failed program was:
|       program main
| 
|       end
configure:5535: result: no
configure:5570: checking build system type
configure:5586: result: aarch64-apple-darwin24.0.0
configure:5606: checking host system type
configure:5621: result: aarch64-apple-darwin24.0.0
configure:5646: checking how to get verbose linking output from 
configure:5657:  -c   conftest.f >&5
./configure: line 1633: -c: command not found
configure:5657: $? = 127
configure: failed program was:
|       program main
| 
|       end
configure:5753: WARNING: compilation failed
configure:5761: result: 
configure:5763: checking for Fortran libraries of 
configure:5787: -o conftest conftest.f
./configure: line 5792: -o: command not found
configure:6009: result: 
configure:6131: checking for yaml_parser_initialize in -lyaml
configure:6160: gcc -o conftest -g -O2   conftest.c -lyaml   >&5
ld: library 'yaml' not found
clang: error: linker command failed with exit code 1 (use -v to see invocation)
configure:6160: $? = 1
configure: failed program was:
| /* confdefs.h */
| #define PACKAGE_NAME "ast"
| #define PACKAGE_TARNAME "ast"
| #define PACKAGE_VERSION "9.2.12"
| #define PACKAGE_STRING "ast 9.2.12"
| #define PACKAGE_BUGREPORT "starlink@jiscmail.ac.uk"
| #define PACKAGE_URL ""
| #define PACKAGE "ast"
| #define VERSION "9.2.12"
| /* end confdefs.h.  */
| 
| /* Override any GCC internal prototype to avoid an error.
|    Use char because int might match the return type of a GCC
|    builtin and then its argument prototype would still apply.
|    The 'extern "C"' is for builds by C++ compilers;
|    although this is not generally supported in C code supporting it here
|    has little cost and some practical benefit (sr 110532).  */
| #ifdef __cplusplus
| extern "C"
| #endif
| char yaml_parser_initialize (void);
| int
| main (void)
| {
| return yaml_parser_initialize ();
|   ;
|   return 0;
| }
configure:6172: result: no
configure:6202: checking for stdio.h
configure:6202: gcc -c -g -O2  conftest.c >&5
configure:6202: $? = 0
configure:6202: result: yes
configure:6202: checking for stdlib.h
configure:6202: gcc -c -g -O2  conftest.c >&5
configure:6202: $? = 0
configure:6202: result: yes
configure:6202: checking for string.h
configure:6202: gcc -c -g -O2  conftest.c >&5
configure:6202: $? = 0
configure:6202: result: yes
configure:6202: checking for inttypes.h
configure:6202: gcc -c -g -O2  conftest.c >&5
configure:6202: $? = 0
configure:6202: result: yes
configure:6202: checking for stdint.h
configure:6202: gcc -c -g -O2  conftest.c >&5
configure:6202: $? = 0
configure:6202: result: yes
configure:6202: checking for strings.h
configure:6202: gcc -c -g -O2  conftest.c >&5
configure:6202: $? = 0
configure:6202: result: yes
configure:6202: checking for sys/stat.h
configure:6202: gcc -c -g -O2  conftest.c >&5
configure:6202: $? = 0
configure:6202: result: yes
configure:6202: checking for sys/types.h
configure:6202: gcc -c -g -O2  conftest.c >&5
configure:6202: $? = 0
configure:6202: result: yes
configure:6202: checking for unistd.h
configure:6202: gcc -c -g -O2  conftest.c >&5
configure:6202: $? = 0
configure:6202: result: yes
configure:6230: checking for stdarg.h
configure:6230: gcc -c -g -O2  conftest.c >&5
configure:6230: $? = 0
configure:6230: result: yes
configure:6242: checking for execinfo.h
configure:6242: gcc -c -g -O2  conftest.c >&5
configure:6242: $? = 0
configure:6242: result: yes
configure:6249: checking for backtrace
configure:6249: gcc -o conftest -g -O2   conftest.c  >&5
configure:6249: $? = 0
configure:6249: result: yes
configure:6258: checking for strerror_r
configure:6258: gcc -o conftest -g -O2   conftest.c  >&5
configure:6258: $? = 0
configure:6258: result: yes
configure:6264: checking for strtok_r
configure:6264: gcc -o conftest -g -O2   conftest.c  >&5
configure:6264: $? = 0
configure:6264: result: yes
configure:6273: checking for vsnprintf
configure:6273: gcc -o conftest -g -O2   conftest.c  >&5
conftest.c:42:6: warning: incompatible redeclaration of library function 'vsnprintf' [-Wincompatible-library-redeclaration]
   42 | char vsnprintf (void);
      |      ^
conftest.c:42:6: note: 'vsnprintf' is a builtin with type 'int (char *, unsigned long, const char *, __builtin_va_list)'
1 warning generated.
configure:6273: $? = 0
configure:6273: result: yes
configure:6282: checking for long double
configure:6282: gcc -c -g -O2  conftest.c >&5
configure:6282: $? = 0
configure:6282: gcc -c -g -O2  conftest.c >&5
conftest.c:58:26: error: expected expression
   58 | if (sizeof ((long double)))
      |                          ^
1 error generated.
configure:6282: $? = 1
configure: failed program was:
| /* confdefs.h */
| #define PACKAGE_NAME "ast"
| #define PACKAGE_TARNAME "ast"
| #define PACKAGE_VERSION "9.2.12"
| #define PACKAGE_STRING "ast 9.2.12"
| #define PACKAGE_BUGREPORT "starlink@jiscmail.ac.uk"
| #define PACKAGE_URL ""
| #define PACKAGE "ast"
| #define VERSION "9.2.12"
| #define HAVE_STDIO_H 1
| #define HAVE_STDLIB_H 1
| #define HAVE_STRING_H 1
| #define HAVE_INTTYPES_H 1
| #define HAVE_STDINT_H 1
| #define HAVE_STRINGS_H 1
| #define HAVE_SYS_STAT_H 1
| #define HAVE_SYS_TYPES_H 1
| #define HAVE_UNISTD_H 1
| #define STDC_HEADERS 1
| #define HAVE_STDARG_H 1
| #define HAVE_EXECINFO_H 1
| #define HAVE_BACKTRACE 1
| #define HAVE_STRERROR_R 1
| #define HAVE_STRTOK_R 1
| #define HAVE_VSNPRINTF 1
| /* end confdefs.h.  */
| #include <stddef.h>
| #ifdef HAVE_STDIO_H
| # include <stdio.h>
| #endif
| #ifdef HAVE_STDLIB_H
| # include <stdlib.h>
| #endif
| #ifdef HAVE_STRING_H
| # include <string.h>
| #endif
| #ifdef HAVE_INTTYPES_H
| # include <inttypes.h>
| #endif
| #ifdef HAVE_STDINT_H
| # include <stdint.h>
| #endif
| #ifdef HAVE_STRINGS_H
| # include <strings.h>
| #endif
| #ifdef HAVE_SYS_TYPES_H
| # include <sys/types.h>
| #endif
| #ifdef HAVE_SYS_STAT_H
| # include <sys/stat.h>
| #endif
| #ifdef HAVE_UNISTD_H
| # include <unistd.h>
| #endif
| int
| main (void)
| {
| if (sizeof ((long double)))
| 	    return 0;
|   ;
|   return 0;
| }
configure:6282: result: yes
configure:6293: checking for int64_t
configure:6293: gcc -c -g -O2  conftest.c >&5
configure:6293: $? = 0
configure:6293: gcc -c -g -O2  conftest.c >&5
conftest.c:59:22: error: expected expression
   59 | if (sizeof ((int64_t)))
      |                      ^
1 error generated.
configure:6293: $? = 1
configure: failed program was:
| /* confdefs.h */
| #define PACKAGE_NAME "ast"
| #define PACKAGE_TARNAME "ast"
| #define PACKAGE_VERSION "9.2.12"
| #define PACKAGE_STRING "ast 9.2.12"
| #define PACKAGE_BUGREPORT "starlink@jiscmail.ac.uk"
| #define PACKAGE_URL ""
| #define PACKAGE "ast"
| #define VERSION "9.2.12"
| #define HAVE_STDIO_H 1
| #define HAVE_STDLIB_H 1
| #define HAVE_STRING_H 1
| #define HAVE_INTTYPES_H 1
| #define HAVE_STDINT_H 1
| #define HAVE_STRINGS_H 1
| #define HAVE_SYS_STAT_H 1
| #define HAVE_SYS_TYPES_H 1
| #define HAVE_UNISTD_H 1
| #define STDC_HEADERS 1
| #define HAVE_STDARG_H 1
| #define HAVE_EXECINFO_H 1
| #define HAVE_BACKTRACE 1
| #define HAVE_STRERROR_R 1
| #define HAVE_STRTOK_R 1
| #define HAVE_VSNPRINTF 1
| #define HAVE_LONG_DOUBLE 1
| /* end confdefs.h.  */
| #include <stddef.h>
| #ifdef HAVE_STDIO_H
| # include <stdio.h>
| #endif
| #ifdef HAVE_STDLIB_H
| # include <stdlib.h>
| #endif
| #ifdef HAVE_STRING_H
| # include <string.h>
| #endif
| #ifdef HAVE_INTTYPES_H
| # include <inttypes.h>
| #endif
| #ifdef HAVE_STDINT_H
| # include <stdint.h>
| #endif
| #ifdef HAVE_STRINGS_H
| # include <strings.h>
| #endif
| #ifdef HAVE_SYS_TYPES_H
| # include <sys/types.h>
| #endif
| #ifdef HAVE_SYS_STAT_H
| # include <sys/stat.h>
| #endif
| #ifdef HAVE_UNISTD_H
| # include <unistd.h>
| #endif
| int
| main (void)
| {
| if (sizeof ((int64_t)))
| 	    return 0;
|   ;
|   return 0;
| }
configure:6293: result: yes
configure:6301: checking for uint64_t
configure:6301: gcc -c -g -O2  conftest.c >&5
configure:6301: $? = 0
configure:6301: gcc -c -g -O2  conftest.c >&5
conftest.c:60:23: error: expected expression
   60 | if (sizeof ((uint64_t)))
      |                       ^
1 error generated.
configure:6301: $? = 1
configure: failed program was:
| /* confdefs.h */
| #define PACKAGE_NAME "ast"
| #define PACKAGE_TARNAME "ast"
| #define PACKAGE_VERSION "9.2.12"
| #define PACKAGE_STRING "ast 9.2.12"
| #define PACKAGE_BUGREPORT "starlink@jiscmail.ac.uk"
| #define PACKAGE_URL ""
| #define PACKAGE "ast"
| #define VERSION "9.2.12"
| #define HAVE_STDIO_H 1
| #define HAVE_STDLIB_H 1
| #define HAVE_STRING_H 1
| #define HAVE_INTTYPES_H 1
| #define HAVE_STDINT_H 1
| #define HAVE_STRINGS_H 1
| #define HAVE_SYS_STAT_H 1
| #define HAVE_SYS_TYPES_H 1
| #define HAVE_UNISTD_H 1
| #define STDC_HEADERS 1
| #define HAVE_STDARG_H 1
| #define HAVE_EXECINFO_H 1
| #define HAVE_BACKTRACE 1
| #define HAVE_STRERROR_R 1
| #define HAVE_STRTOK_R 1
| #define HAVE_VSNPRINTF 1
| #define HAVE_LONG_DOUBLE 1
| #define HAVE_INT64_T 1
| /* end confdefs.h.  */
| #include <stddef.h>
| #ifdef HAVE_STDIO_H
| # include <stdio.h>
| #endif
| #ifdef HAVE_STDLIB_H
| # include <stdlib.h>
| #endif
| #ifdef HAVE_STRING_H
| # include <string.h>
| #endif
| #ifdef HAVE_INTTYPES_H
| # include <inttypes.h>
| #endif
| #ifdef HAVE_STDINT_H
| # include <stdint.h>
| #endif
| #ifdef HAVE_STRINGS_H
| # include <strings.h>
| #endif
| #ifdef HAVE_SYS_TYPES_H
| # include <sys/types.h>
| #endif
| #ifdef HAVE_SYS_STAT_H
| # include <sys/stat.h>
| #endif
| #ifdef HAVE_UNISTD_H
| # include <unistd.h>
| #endif
| int
| main (void)
| {
| if (sizeof ((uint64_t)))
| 	    return 0;
|   ;
|   return 0;
| }
configure:6301: result: yes
configure:6316: checking size of long
configure:6322: gcc -o conftest -g -O2   conftest.c  >&5
configure:6322: $? = 0
configure:6322: ./conftest
configure:6322: $? = 0
configure:6339: result: 8
configure:6351: checking size of long long
configure:6357: gcc -o conftest -g -O2   conftest.c  >&5
configure:6357: $? = 0
configure:6357: ./conftest
configure:6357: $? = 0
configure:6374: result: 8
configure:6393: checking whether C compiler defines __func__
configure:6406: gcc -c -g -O2  conftest.c >&5
configure:6406: $? = 0
configure:6408: result: yes
configure:6457: checking for perl
configure:6481: found /usr/bin/perl
configure:6495: result: /usr/bin/perl
configure:6505: checking for isnan
configure:6505: gcc -o conftest -g -O2   conftest.c  >&5
configure:6505: $? = 0
configure:6505: result: yes
configure:6512: checking for gcc options needed to detect all undeclared functions
configure:6534: gcc -c -g -O2   conftest.c >&5
conftest.c:38:8: error: call to undeclared library function 'strchr' with type 'char *(const char *, int)'; ISO C99 and later do not support implicit function declarations [-Wimplicit-function-declaration]
   38 | (void) strchr;
      |        ^
conftest.c:38:8: note: include the header <string.h> or explicitly provide a declaration for 'strchr'
1 error generated.
configure:6534: $? = 1
configure: failed program was:
| /* confdefs.h */
| #define PACKAGE_NAME "ast"
| #define PACKAGE_TARNAME "ast"
| #define PACKAGE_VERSION "9.2.12"
| #define PACKAGE_STRING "ast 9.2.12"
| #define PACKAGE_BUGREPORT "starlink@jiscmail.ac.uk"
| #define PACKAGE_URL ""
| #define PACKAGE "ast"
| #define VERSION "9.2.12"
| #define HAVE_STDIO_H 1
| #define HAVE_STDLIB_H 1
| #define HAVE_STRING_H 1
| #define HAVE_INTTYPES_H 1
| #define HAVE_STDINT_H 1
| #define HAVE_STRINGS_H 1
| #define HAVE_SYS_STAT_H 1
| #define HAVE_SYS_TYPES_H 1
| #define HAVE_UNISTD_H 1
| #define STDC_HEADERS 1
| #define HAVE_STDARG_H 1
| #define HAVE_EXECINFO_H 1
| #define HAVE_BACKTRACE 1
| #define HAVE_STRERROR_R 1
| #define HAVE_STRTOK_R 1
| #define HAVE_VSNPRINTF 1
| #define HAVE_LONG_DOUBLE 1
| #define HAVE_INT64_T 1
| #define HAVE_UINT64_T 1
| #define SIZEOF_LONG 8
| #define SIZEOF_LONG_LONG 8
| #define FUNCTION_NAME __func__
| #define HAVE_ISNAN 1
| /* end confdefs.h.  */
| 
| int
| main (void)
| {
| (void) strchr;
|   ;
|   return 0;
| }
configure:6561: gcc -c -g -O2   conftest.c >&5
configure:6561: $? = 0
configure:6581: result: none needed
configure:6595: checking whether isnan is declared
configure:6595: gcc -c -g -O2   conftest.c >&5
configure:6595: $? = 0
configure:6595: result: yes
configure:6607: checking for isfinite
configure:6607: gcc -o conftest -g -O2   conftest.c  >&5
Undefined symbols for architecture arm64:
  "_isfinite", referenced from:
      _main in conftest-59294d.o
ld: symbol(s) not found for architecture arm64
clang: error: linker command failed with exit code 1 (use -v to see invocation)
configure:6607: $? = 1
configure: failed program was:
| /* confdefs.h */
| #define PACKAGE_NAME "ast"
| #define PACKAGE_TARNAME "ast"
| #define PACKAGE_VERSION "9.2.12"
| #define PACKAGE_STRING "ast 9.2.12"
| #define PACKAGE_BUGREPORT "starlink@jiscmail.ac.uk"
| #define PACKAGE_URL ""
| #define PACKAGE "ast"
| #define VERSION "9.2.12"
| #define HAVE_STDIO_H 1
| #define HAVE_STDLIB_H 1
| #define HAVE_STRING_H 1
| #define HAVE_INTTYPES_H 1
| #define HAVE_STDINT_H 1
| #define HAVE_STRINGS_H 1
| #define HAVE_SYS_STAT_H 1
| #define HAVE_SYS_TYPES_H 1
| #define HAVE_UNISTD_H 1
| #define STDC_HEADERS 1
| #define HAVE_STDARG_H 1
| #define HAVE_EXECINFO_H 1
| #define HAVE_BACKTRACE 1
| #define HAVE_STRERROR_R 1
| #define HAVE_STRTOK_R 1
| #define HAVE_VSNPRINTF 1
| #define HAVE_LONG_DOUBLE 1
| #define HAVE_INT64_T 1
| #define HAVE_UINT64_T 1
| #define SIZEOF_LONG 8
| #define SIZEOF_LONG_LONG 8
| #define FUNCTION_NAME __func__
| #define HAVE_ISNAN 1
| #define HAVE_DECL_ISNAN 1
| /* end confdefs.h.  */
| /* Define isfinite to an innocuous variant, in case <limits.h> declares isfinite.
|    For example, HP-UX 11i <limits.h> declares gettimeofday.  */
| #define isfinite innocuous_isfinite
| 
| /* System header to define __stub macros and hopefully few prototypes,
|    which can conflict with char isfinite (void); below.  */
| 
| #include <limits.h>
| #undef isfinite
| 
| /* Override any GCC internal prototype to avoid an error.
|    Use char because int might match the return type of a GCC
|    builtin and then its argument prototype would still apply.  */
| #ifdef __cplusplus
| extern "C"
| #endif
| char isfinite (void);
| /* The GNU C library defines this for functions which it implements
|     to always fail with ENOSYS.  Some functions are actually named
|     something starting with __ and the normal name is an alias.  */
| #if defined __stub_isfinite || defined __stub___isfinite
| choke me
| #endif
| 
| int
| main (void)
| {
| return isfinite ();
|   ;
|   return 0;
| }
configure:6607: result: no
configure:6614: checking whether isfinite is declared
configure:6614: gcc -c -g -O2   conftest.c >&5
configure:6614: $? = 0
configure:6614: result: yes

## ---------------- ##
## Cache variables. ##
## ---------------- ##

ac_cv_build=aarch64-apple-darwin24.0.0
ac_cv_c_compiler_gnu=yes
ac_cv_c_undeclared_builtin_options='none needed'
ac_cv_env_CC_set=
ac_cv_env_CC_value=
ac_cv_env_CFLAGS_set=
ac_cv_env_CFLAGS_value=
ac_cv_env_CPPFLAGS_set=
ac_cv_env_CPPFLAGS_value=
ac_cv_env_CPP_set=
ac_cv_env_CPP_value=
ac_cv_env_FCFLAGS_set=
ac_cv_env_FCFLAGS_value=
ac_cv_env_FC_set=
ac_cv_env_FC_value=
ac_cv_env_LDFLAGS_set=
ac_cv_env_LDFLAGS_value=
ac_cv_env_LIBS_set=
ac_cv_env_LIBS_value=
ac_cv_env_build_alias_set=
ac_cv_env_build_alias_value=
ac_cv_env_host_alias_set=
ac_cv_env_host_alias_value=
ac_cv_env_target_alias_set=
ac_cv_env_target_alias_value=
ac_cv_fc_compiler_gnu=no
ac_cv_fc_libs=
ac_cv_func_backtrace=yes
ac_cv_func_isfinite=no
ac_cv_func_isnan=yes
ac_cv_func_strerror_r=yes
ac_cv_func_strtok_r=yes
ac_cv_func_vsnprintf=yes
ac_cv_have_decl_isfinite=yes
ac_cv_have_decl_isnan=yes
ac_cv_header_execinfo_h=yes
ac_cv_header_inttypes_h=yes
ac_cv_header_stdarg_h=yes
ac_cv_header_stdint_h=yes
ac_cv_header_stdio_h=yes
ac_cv_header_stdlib_h=yes
ac_cv_header_string_h=yes
ac_cv_header_strings_h=yes
ac_cv_header_sys_stat_h=yes
ac_cv_header_sys_types_h=yes
ac_cv_header_unistd_h=yes
ac_cv_host=aarch64-apple-darwin24.0.0
ac_cv_lib_yaml_yaml_parser_initialize=no
ac_cv_objext=o
ac_cv_path_PERL=/usr/bin/perl
ac_cv_path_install='/usr/bin/install -c'
ac_cv_prog_AWK=awk
ac_cv_prog_CPP='gcc -E'
ac_cv_prog_ac_ct_CC=gcc
ac_cv_prog_cc_c11=
ac_cv_prog_cc_g=yes
ac_cv_prog_cc_stdc=
ac_cv_prog_fc_g=no
ac_cv_prog_make_make_set=yes
ac_cv_sizeof_long=8
ac_cv_sizeof_long_long=8
ac_cv_type_int64_t=yes
ac_cv_type_long_double=yes
ac_cv_type_uint64_t=yes
am_cv_CC_dependencies_compiler_type=gcc3
am_cv_filesystem_timestamp_resolution=2
am_cv_make_support_nested_variables=yes
am_cv_prog_cc_c_o=yes
am_cv_sleep_fractional_seconds=yes
am_cv_xargs_n_works=yes
star_cv_cnf_f2c_compatible=no
star_cv_cnf_trail_type=long

## ----------------- ##
## Output variables. ##
## ----------------- ##

ACLOCAL='${SHELL} '\''/Users/joye/SAOImageDS9/ast/build-aux/missing'\'' aclocal-1.17'
AMDEPBACKSLASH='\'
AMDEP_FALSE='#'
AMDEP_TRUE=''
AMTAR='$${TAR-tar}'
AM_BACKSLASH='\'
AM_DEFAULT_V=''
AM_DEFAULT_VERBOSITY='1'
AM_V=''
AUTOCONF='${SHELL} '\''/Users/joye/SAOImageDS9/ast/build-aux/missing'\'' autoconf'
AUTOHEADER='${SHELL} '\''/Users/joye/SAOImageDS9/ast/build-aux/missing'\'' autoheader'
AUTOMAKE='${SHELL} '\''/Users/joye/SAOImageDS9/ast/build-aux/missing'\'' automake-1.17'
AWK='awk'
CC='gcc'
CCDEPMODE='depmode=gcc3'
CFLAGS='-g -O2'
CPP='gcc -E'
CPPFLAGS=''
CSCOPE='cscope'
CTAGS='ctags'
CYGPATH_W='echo'
DEFS=''
DEPDIR='.deps'
ECHO_C='\c'
ECHO_N=''
ECHO_T=''
ETAGS='etags'
EXEEXT=''
EXTERNAL_CMINPACK='0'
EXTERNAL_CMINPACK_FALSE=''
EXTERNAL_CMINPACK_TRUE='#'
EXTERNAL_PAL='0'
EXTERNAL_PAL_FALSE=''
EXTERNAL_PAL_TRUE='#'
FC=''
FCFLAGS=''
FCLIBS=''
FORTRAN='1'
INSTALL_DATA='${INSTALL} -m 644'
INSTALL_PROGRAM='${INSTALL}'
INSTALL_SCRIPT='${INSTALL}'
INSTALL_STRIP_PROGRAM='$(install_sh) -c -s'
LDFLAGS=''
LIBCMINPACK=''
LIBOBJS=''
LIBPAL=''
LIBS=''
LN_S='ln -s'
LTLIBOBJS=''
MAKEINFO='${SHELL} '\''/Users/joye/SAOImageDS9/ast/build-aux/missing'\'' makeinfo'
MKDIR_P='mkdir -p'
NOFORTRAN_FALSE=''
NOFORTRAN_TRUE='#'
NOPIC_FALSE=''
NOPIC_TRUE='#'
NOTHREADS_FALSE='#'
NOTHREADS_TRUE=''
NOYAML_FALSE='#'
NOYAML_TRUE=''
OBJEXT='o'
PACKAGE='ast'
PACKAGE_BUGREPORT='starlink@jiscmail.ac.uk'
PACKAGE_NAME='ast'
PACKAGE_STRING='ast 9.2.12'
PACKAGE_TARNAME='ast'
PACKAGE_URL=''
PACKAGE_VERSION='9.2.12'
PATH_SEPARATOR=':'
PERL='/usr/bin/perl'
SET_MAKE=''
SHELL='/bin/sh'
STRIP=''
THREADS='0'
TOPINCLUDE_FALSE='#'
TOPINCLUDE_TRUE=''
VERSION='9.2.12'
YAML='0'
ac_ct_CC='gcc'
ac_ct_FC=''
am__EXEEXT_FALSE=''
am__EXEEXT_TRUE=''
am__fastdepCC_FALSE='#'
am__fastdepCC_TRUE=''
am__include='include'
am__isrc=''
am__leading_dot='.'
am__nodep='_no'
am__quote=''
am__rm_f_notfound=''
am__tar='$${TAR-tar} chof - "$$tardir"'
am__untar='$${TAR-tar} xf -'
am__xargs_n='xargs -n'
bindir='${exec_prefix}/bin'
build='aarch64-apple-darwin24.0.0'
build_alias=''
build_cpu='aarch64'
build_os='darwin24.0.0'
build_vendor='apple'
datadir='${datarootdir}'
datarootdir='${prefix}/share'
docdir='${datarootdir}/doc/${PACKAGE_TARNAME}'
dvidir='${docdir}'
exec_prefix='/Users/joye/SAOImageDS9'
host='aarch64-apple-darwin24.0.0'
host_alias=''
host_cpu='aarch64'
host_os='darwin24.0.0'
host_vendor='apple'
htmldir='${docdir}'
includedir='${prefix}/include'
infodir='${datarootdir}/info'
install_sh='${SHELL} /Users/joye/SAOImageDS9/ast/build-aux/install-sh'
libdir='/Users/joye/SAOImageDS9/lib'
libexecdir='${exec_prefix}/libexec'
localedir='${datarootdir}/locale'
localstatedir='${prefix}/var'
mandir='${datarootdir}/man'
mkdir_p='$(MKDIR_P)'
oldincludedir='/usr/include'
pdfdir='${docdir}'
prefix='/Users/joye/SAOImageDS9'
program_transform_name='s,x,x,'
psdir='${docdir}'
runstatedir='${localstatedir}/run'
sbindir='${exec_prefix}/sbin'
sharedstatedir='${prefix}/com'
sysconfdir='${prefix}/etc'
target_alias=''
version_info='11:12:2'

## ----------- ##
## confdefs.h. ##
## ----------- ##

/* confdefs.h */
#define PACKAGE_NAME "ast"
#define PACKAGE_TARNAME "ast"
#define PACKAGE_VERSION "9.2.12"
#define PACKAGE_STRING "ast 9.2.12"
#define PACKAGE_BUGREPORT "starlink@jiscmail.ac.uk"
#define PACKAGE_URL ""
#define PACKAGE "ast"
#define VERSION "9.2.12"
#define HAVE_STDIO_H 1
#define HAVE_STDLIB_H 1
#define HAVE_STRING_H 1
#define HAVE_INTTYPES_H 1
#define HAVE_STDINT_H 1
#define HAVE_STRINGS_H 1
#define HAVE_SYS_STAT_H 1
#define HAVE_SYS_TYPES_H 1
#define HAVE_UNISTD_H 1
#define STDC_HEADERS 1
#define HAVE_STDARG_H 1
#define HAVE_EXECINFO_H 1
#define HAVE_BACKTRACE 1
#define HAVE_STRERROR_R 1
#define HAVE_STRTOK_R 1
#define HAVE_VSNPRINTF 1
#define HAVE_LONG_DOUBLE 1
#define HAVE_INT64_T 1
#define HAVE_UINT64_T 1
#define SIZEOF_LONG 8
#define SIZEOF_LONG_LONG 8
#define FUNCTION_NAME __func__
#define HAVE_ISNAN 1
#define HAVE_DECL_ISNAN 1
#define HAVE_DECL_ISFINITE 1

configure: exit 258
